mktextfm STHeiti/OT
mktextfm STHeiti/I/OT
mktextfm STHeiti/OT
mktextfm STHeiti/OT
mktextfm STHeiti/OT
mktextfm STHeiti/I/OT
mktextfm STHeiti/OT
mktextfm STHeiti/OT
mktextfm STHeiti/OT
mktextfm STHeiti/I/OT
mktextfm STHeiti/OT
mktextfm STHeiti/OT
mktextfm STHeiti/OT
mktextfm STHeiti/I/OT
mktextfm STHeiti/OT
mktextfm STHeiti/OT
mktextfm Arial
mktextfm Arial
mktextfm Arial
mktextfm Arial/BI
mktextfm Arial
mktextfm Arial/B
mktextfm Arial
mktextfm Arial/I
mktextfm Arial
mktextfm Arial
mktextfm STSong/OT
mktextfm STSong/OT
mktextfm STKaiti/OT
mktextfm STKaiti/B/OT
mktextfm STHeiti/OT
mktextfm STHeiti/I/OT
mktextfm STSong/OT
mktextfm STSong/BI/OT
mktextfm STSong/OT
mktextfm STSong/OT
mktextfm STHeiti/OT
mktextfm STHeiti/OT
mktextfm STKaiti/OT
mktextfm STKaiti/OT
mktextfm STSong/OT
mktextfm STSong/OT
mktextfm STSong/OT
mktextfm STSong/OT
mktextfm STSong/OT
mktextfm STSong/OT
mktextfm STSong/OT
mktextfm STSong/OT
mktextfm STSong/OT
mktextfm STSong/OT
mktextfm STFangsong/OT
mktextfm STFangsong/OT
mktextfm STFangsong/OT
mktextfm STFangsong/OT
mktextfm STFangsong/OT
mktextfm STFangsong/OT
mktextfm STFangsong/OT
mktextfm STFangsong/OT
mktextfm STFangsong/OT
mktextfm STFangsong/OT
mktextfm STXihei/OT
mktextfm STXihei/OT
mktextfm STXihei/OT
mktextfm STXihei/OT
mktextfm STXihei/OT
mktextfm STXihei/OT
mktextfm STXihei/OT
mktextfm STXihei/OT
mktextfm STXihei/OT
mktextfm STXihei/OT
mktextfm Arial
mktextfm Arial
mktextfm Arial
mktextfm Arial/BI
mktextfm Arial
mktextfm Arial/B
mktextfm Arial
mktextfm Arial/I
mktextfm Arial
mktextfm Arial
mktextfm STSong/OT
mktextfm STSong/OT
mktextfm STKaiti/OT
mktextfm STKaiti/B/OT
mktextfm STHeiti/OT
mktextfm STHeiti/I/OT
mktextfm STSong/OT
mktextfm STSong/BI/OT
mktextfm STSong/OT
mktextfm STSong/OT
mktextfm STHeiti/OT
mktextfm STHeiti/OT
mktextfm STKaiti/OT
mktextfm STKaiti/OT
mktextfm STSong/OT
mktextfm STSong/OT
mktextfm STSong/OT
mktextfm STSong/OT
mktextfm STSong/OT
mktextfm STSong/OT
mktextfm STSong/OT
mktextfm STSong/OT
mktextfm STSong/OT
mktextfm STSong/OT
mktextfm STFangsong/OT
mktextfm STFangsong/OT
mktextfm STFangsong/OT
mktextfm STFangsong/OT
mktextfm STFangsong/OT
mktextfm STFangsong/OT
mktextfm STFangsong/OT
mktextfm STFangsong/OT
mktextfm STFangsong/OT
mktextfm STFangsong/OT
mktextfm STXihei/OT
mktextfm STXihei/OT
mktextfm STXihei/OT
mktextfm STXihei/OT
mktextfm STXihei/OT
mktextfm STXihei/OT
mktextfm STXihei/OT
mktextfm STXihei/OT
mktextfm STXihei/OT
mktextfm STXihei/OT
mktextfm STHeiti/OT
mktextfm STHeiti/I/OT
mktextfm STHeiti/OT
mktextfm STHeiti/OT
mktextfm STHeiti/OT
mktextfm STHeiti/I/OT
mktextfm STHeiti/OT
mktextfm STHeiti/OT
mktextfm STHeiti/OT
mktextfm STHeiti/I/OT
mktextfm STHeiti/OT
mktextfm STHeiti/OT
mktextfm SimHei/OT
mktextfm SimHei/I/OT
mktextfm SimHei/OT
mktextfm SimHei/OT
mktextfm Heiti/OT
mktextfm Heiti/I/OT
mktextfm Heiti/OT
mktextfm Heiti/OT
mktextfm Heiti/OT
mktextfm Heiti/I/OT
mktextfm Heiti/OT
mktextfm Heiti/OT
mktextfm HeiTi/OT
mktextfm HeiTi/I/OT
mktextfm HeiTi/OT
mktextfm HeiTi/OT
mktextfm HeiTi/OT
mktextfm HeiTi/I/OT
mktextfm HeiTi/OT
mktextfm HeiTi/OT
mktextfm HeiTi/OT
mktextfm HeiTi/I/OT
mktextfm HeiTi/OT
mktextfm HeiTi/OT
mktextfm HeiTi/OT
mktextfm HeiTi/I/OT
mktextfm HeiTi/OT
mktextfm HeiTi/OT
mktextfm STFangSong/OT
mktextfm STFangSong/OT
mktextfm STFangSong/OT
mktextfm STFangSong/BI/OT
mktextfm STFangSong/OT
mktextfm STFangSong/OT
mktextfm STFangSong/OT
mktextfm STFangSong/OT
mktextfm STFangSong/OT
mktextfm STFangSong/BI/OT
mktextfm STFangSong/OT
mktextfm STFangSong/OT
mktextfm STFangSong/OT
mktextfm STFangSong/OT
mktextfm STFangSong/OT
mktextfm STFangSong/BI/OT
mktextfm STFangSong/OT
mktextfm STFangSong/OT
